5/28/2017 10:11:33 PM Warning: Compression buffer overflowed on packet 0xDD ('DisplayGumpPacked') (length=0)
   at Server.Network.Packet.InternalCompile(Boolean compress)
   at Server.Network.Packet.Compile(Boolean compress, Int32& length)
   at Server.Network.NetState.Send(Packet p)
   at Server.Mobile.SendGump(Gump g, Boolean throwOnOffline)
   at VitaNex.SuperGumps.SuperGump.<Send>b__7()
   at VitaNex.VitaNexCore.TryCatchGet[T](Func`1 func, Action`1 handler)
   at VitaNex.SuperGumps.SuperGump.Send()
   at VitaNex.SuperGumps.SuperGump.HandleButtonClick(GumpButton button)
   at VitaNex.SuperGumps.SuperGump.OnResponse(NetState sender, RelayInfo info)
   at Server.Network.PacketHandlers.DisplayGumpResponse(NetState state, PacketReader pvSrc)
   at Server.Network.MessagePump.HandleReceive(NetState ns)
   at Server.Network.MessagePump.Slice()
   at Server.Core.Main(String[] args)

5/28/2017 10:11:40 PM Warning: Compression buffer overflowed on packet 0xDD ('DisplayGumpPacked') (length=0)
   at Server.Network.Packet.InternalCompile(Boolean compress)
   at Server.Network.Packet.Compile(Boolean compress, Int32& length)
   at Server.Network.NetState.Send(Packet p)
   at Server.Mobile.SendGump(Gump g, Boolean throwOnOffline)
   at VitaNex.SuperGumps.SuperGump.<Send>b__7()
   at VitaNex.VitaNexCore.TryCatchGet[T](Func`1 func, Action`1 handler)
   at VitaNex.SuperGumps.SuperGump.Send()
   at VitaNex.VitaNexCore.OnCoreCommand(CommandEventArgs e)
   at Server.Commands.CommandSystem.Handle(Mobile from, String text, MessageType type)
   at Server.Mobile.DoSpeech(String text, Int32[] keywords, MessageType type, Int32 hue)
   at Server.Network.PacketHandlers.UnicodeSpeech(NetState state, PacketReader pvSrc)
   at Server.Network.MessagePump.HandleReceive(NetState ns)
   at Server.Network.MessagePump.Slice()
   at Server.Core.Main(String[] args)

5/28/2017 10:11:45 PM Warning: Compression buffer overflowed on packet 0xDD ('DisplayGumpPacked') (length=0)
   at Server.Network.Packet.InternalCompile(Boolean compress)
   at Server.Network.Packet.Compile(Boolean compress, Int32& length)
   at Server.Network.NetState.Send(Packet p)
   at Server.Mobile.SendGump(Gump g, Boolean throwOnOffline)
   at VitaNex.SuperGumps.SuperGump.<Send>b__7()
   at VitaNex.VitaNexCore.TryCatchGet[T](Func`1 func, Action`1 handler)
   at VitaNex.SuperGumps.SuperGump.Send()
   at VitaNex.VitaNexCore.OnCoreCommand(CommandEventArgs e)
   at Server.Commands.CommandSystem.Handle(Mobile from, String text, MessageType type)
   at Server.Mobile.DoSpeech(String text, Int32[] keywords, MessageType type, Int32 hue)
   at Server.Network.PacketHandlers.UnicodeSpeech(NetState state, PacketReader pvSrc)
   at Server.Network.MessagePump.HandleReceive(NetState ns)
   at Server.Network.MessagePump.Slice()
   at Server.Core.Main(String[] args)

5/28/2017 10:11:50 PM Warning: Compression buffer overflowed on packet 0xDD ('DisplayGumpPacked') (length=0)
   at Server.Network.Packet.InternalCompile(Boolean compress)
   at Server.Network.Packet.Compile(Boolean compress, Int32& length)
   at Server.Network.NetState.Send(Packet p)
   at Server.Mobile.SendGump(Gump g, Boolean throwOnOffline)
   at VitaNex.SuperGumps.SuperGump.<Send>b__7()
   at VitaNex.VitaNexCore.TryCatchGet[T](Func`1 func, Action`1 handler)
   at VitaNex.SuperGumps.SuperGump.Send()
   at VitaNex.VitaNexCore.OnCoreCommand(CommandEventArgs e)
   at Server.Commands.CommandSystem.Handle(Mobile from, String text, MessageType type)
   at Server.Mobile.DoSpeech(String text, Int32[] keywords, MessageType type, Int32 hue)
   at Server.Network.PacketHandlers.UnicodeSpeech(NetState state, PacketReader pvSrc)
   at Server.Network.MessagePump.HandleReceive(NetState ns)
   at Server.Network.MessagePump.Slice()
   at Server.Core.Main(String[] args)

5/28/2017 10:12:37 PM Warning: Compression buffer overflowed on packet 0xDD ('DisplayGumpPacked') (length=0)
   at Server.Network.Packet.InternalCompile(Boolean compress)
   at Server.Network.Packet.Compile(Boolean compress, Int32& length)
   at Server.Network.NetState.Send(Packet p)
   at Server.Mobile.SendGump(Gump g, Boolean throwOnOffline)
   at VitaNex.SuperGumps.SuperGump.<Send>b__7()
   at VitaNex.VitaNexCore.TryCatchGet[T](Func`1 func, Action`1 handler)
   at VitaNex.SuperGumps.SuperGump.Send()
   at VitaNex.SuperGumps.SuperGump.HandleButtonClick(GumpButton button)
   at VitaNex.SuperGumps.SuperGump.OnResponse(NetState sender, RelayInfo info)
   at Server.Network.PacketHandlers.DisplayGumpResponse(NetState state, PacketReader pvSrc)
   at Server.Network.MessagePump.HandleReceive(NetState ns)
   at Server.Network.MessagePump.Slice()
   at Server.Core.Main(String[] args)

5/28/2017 10:12:44 PM Warning: Compression buffer overflowed on packet 0xDD ('DisplayGumpPacked') (length=0)
   at Server.Network.Packet.InternalCompile(Boolean compress)
   at Server.Network.Packet.Compile(Boolean compress, Int32& length)
   at Server.Network.NetState.Send(Packet p)
   at Server.Mobile.SendGump(Gump g, Boolean throwOnOffline)
   at VitaNex.SuperGumps.SuperGump.<Send>b__7()
   at VitaNex.VitaNexCore.TryCatchGet[T](Func`1 func, Action`1 handler)
   at VitaNex.SuperGumps.SuperGump.Send()
   at VitaNex.VitaNexCore.OnCoreCommand(CommandEventArgs e)
   at Server.Commands.CommandSystem.Handle(Mobile from, String text, MessageType type)
   at Server.Mobile.DoSpeech(String text, Int32[] keywords, MessageType type, Int32 hue)
   at Server.Network.PacketHandlers.UnicodeSpeech(NetState state, PacketReader pvSrc)
   at Server.Network.MessagePump.HandleReceive(NetState ns)
   at Server.Network.MessagePump.Slice()
   at Server.Core.Main(String[] args)

5/28/2017 10:12:56 PM Warning: Compression buffer overflowed on packet 0xDD ('DisplayGumpPacked') (length=0)
   at Server.Network.Packet.InternalCompile(Boolean compress)
   at Server.Network.Packet.Compile(Boolean compress, Int32& length)
   at Server.Network.NetState.Send(Packet p)
   at Server.Mobile.SendGump(Gump g, Boolean throwOnOffline)
   at VitaNex.SuperGumps.SuperGump.<Send>b__7()
   at VitaNex.VitaNexCore.TryCatchGet[T](Func`1 func, Action`1 handler)
   at VitaNex.SuperGumps.SuperGump.Send()
   at VitaNex.VitaNexCore.OnCoreCommand(CommandEventArgs e)
   at Server.Commands.CommandSystem.Handle(Mobile from, String text, MessageType type)
   at Server.Mobile.DoSpeech(String text, Int32[] keywords, MessageType type, Int32 hue)
   at Server.Network.PacketHandlers.UnicodeSpeech(NetState state, PacketReader pvSrc)
   at Server.Network.MessagePump.HandleReceive(NetState ns)
   at Server.Network.MessagePump.Slice()
   at Server.Core.Main(String[] args)

5/28/2017 10:13:56 PM Warning: Compression buffer overflowed on packet 0xDD ('DisplayGumpPacked') (length=0)
   at Server.Network.Packet.InternalCompile(Boolean compress)
   at Server.Network.Packet.Compile(Boolean compress, Int32& length)
   at Server.Network.NetState.Send(Packet p)
   at Server.Mobile.SendGump(Gump g, Boolean throwOnOffline)
   at VitaNex.SuperGumps.SuperGump.<Send>b__7()
   at VitaNex.VitaNexCore.TryCatchGet[T](Func`1 func, Action`1 handler)
   at VitaNex.SuperGumps.SuperGump.Send()
   at VitaNex.VitaNexCore.OnCoreCommand(CommandEventArgs e)
   at Server.Commands.CommandSystem.Handle(Mobile from, String text, MessageType type)
   at Server.Mobile.DoSpeech(String text, Int32[] keywords, MessageType type, Int32 hue)
   at Server.Network.PacketHandlers.UnicodeSpeech(NetState state, PacketReader pvSrc)
   at Server.Network.MessagePump.HandleReceive(NetState ns)
   at Server.Network.MessagePump.Slice()
   at Server.Core.Main(String[] args)

5/28/2017 10:14:05 PM Warning: Compression buffer overflowed on packet 0xDD ('DisplayGumpPacked') (length=0)
   at Server.Network.Packet.InternalCompile(Boolean compress)
   at Server.Network.Packet.Compile(Boolean compress, Int32& length)
   at Server.Network.NetState.Send(Packet p)
   at Server.Mobile.SendGump(Gump g, Boolean throwOnOffline)
   at VitaNex.SuperGumps.SuperGump.<Send>b__7()
   at VitaNex.VitaNexCore.TryCatchGet[T](Func`1 func, Action`1 handler)
   at VitaNex.SuperGumps.SuperGump.Send()
   at VitaNex.VitaNexCore.OnCoreCommand(CommandEventArgs e)
   at Server.Commands.CommandSystem.Handle(Mobile from, String text, MessageType type)
   at Server.Mobile.DoSpeech(String text, Int32[] keywords, MessageType type, Int32 hue)
   at Server.Network.PacketHandlers.UnicodeSpeech(NetState state, PacketReader pvSrc)
   at Server.Network.MessagePump.HandleReceive(NetState ns)
   at Server.Network.MessagePump.Slice()
   at Server.Core.Main(String[] args)

5/28/2017 10:15:33 PM Warning: Compression buffer overflowed on packet 0xDD ('DisplayGumpPacked') (length=0)
   at Server.Network.Packet.InternalCompile(Boolean compress)
   at Server.Network.Packet.Compile(Boolean compress, Int32& length)
   at Server.Network.NetState.Send(Packet p)
   at Server.Mobile.SendGump(Gump g, Boolean throwOnOffline)
   at VitaNex.SuperGumps.SuperGump.<Send>b__7()
   at VitaNex.VitaNexCore.TryCatchGet[T](Func`1 func, Action`1 handler)
   at VitaNex.SuperGumps.SuperGump.Send()
   at VitaNex.VitaNexCore.OnCoreCommand(CommandEventArgs e)
   at Server.Commands.CommandSystem.Handle(Mobile from, String text, MessageType type)
   at Server.Mobile.DoSpeech(String text, Int32[] keywords, MessageType type, Int32 hue)
   at Server.Network.PacketHandlers.UnicodeSpeech(NetState state, PacketReader pvSrc)
   at Server.Network.MessagePump.HandleReceive(NetState ns)
   at Server.Network.MessagePump.Slice()
   at Server.Core.Main(String[] args)

5/29/2017 12:57:03 AM Warning: Compression buffer overflowed on packet 0xDD ('DisplayGumpPacked') (length=0)
   at Server.Network.Packet.InternalCompile(Boolean compress)
   at Server.Network.Packet.Compile(Boolean compress, Int32& length)
   at Server.Network.NetState.Send(Packet p)
   at Server.Mobile.SendGump(Gump g, Boolean throwOnOffline)
   at VitaNex.SuperGumps.SuperGump.<Send>b__7()
   at VitaNex.VitaNexCore.TryCatchGet[T](Func`1 func, Action`1 handler)
   at VitaNex.SuperGumps.SuperGump.Send()
   at VitaNex.VitaNexCore.OnCoreCommand(CommandEventArgs e)
   at Server.Commands.CommandSystem.Handle(Mobile from, String text, MessageType type)
   at Server.Mobile.DoSpeech(String text, Int32[] keywords, MessageType type, Int32 hue)
   at Server.Network.PacketHandlers.UnicodeSpeech(NetState state, PacketReader pvSrc)
   at Server.Network.MessagePump.HandleReceive(NetState ns)
   at Server.Network.MessagePump.Slice()
   at Server.Core.Main(String[] args)

5/29/2017 12:57:17 AM Warning: Compression buffer overflowed on packet 0xDD ('DisplayGumpPacked') (length=0)
   at Server.Network.Packet.InternalCompile(Boolean compress)
   at Server.Network.Packet.Compile(Boolean compress, Int32& length)
   at Server.Network.NetState.Send(Packet p)
   at Server.Mobile.SendGump(Gump g, Boolean throwOnOffline)
   at VitaNex.SuperGumps.SuperGump.<Send>b__7()
   at VitaNex.VitaNexCore.TryCatchGet[T](Func`1 func, Action`1 handler)
   at VitaNex.SuperGumps.SuperGump.Send()
   at VitaNex.VitaNexCore.OnCoreCommand(CommandEventArgs e)
   at Server.Commands.CommandSystem.Handle(Mobile from, String text, MessageType type)
   at Server.Mobile.DoSpeech(String text, Int32[] keywords, MessageType type, Int32 hue)
   at Server.Network.PacketHandlers.UnicodeSpeech(NetState state, PacketReader pvSrc)
   at Server.Network.MessagePump.HandleReceive(NetState ns)
   at Server.Network.MessagePump.Slice()
   at Server.Core.Main(String[] args)

5/29/2017 9:05:10 PM Warning: Compression buffer overflowed on packet 0xDD ('DisplayGumpPacked') (length=0)
   at Server.Network.Packet.InternalCompile(Boolean compress)
   at Server.Network.Packet.Compile(Boolean compress, Int32& length)
   at Server.Network.NetState.Send(Packet p)
   at Server.Mobile.SendGump(Gump g, Boolean throwOnOffline)
   at VitaNex.SuperGumps.SuperGump.<Send>b__7()
   at VitaNex.VitaNexCore.TryCatchGet[T](Func`1 func, Action`1 handler)
   at VitaNex.SuperGumps.SuperGump.Send()
   at VitaNex.SuperGumps.SuperGump.HandleButtonClick(GumpButton button)
   at VitaNex.SuperGumps.SuperGump.OnResponse(NetState sender, RelayInfo info)
   at Server.Network.PacketHandlers.DisplayGumpResponse(NetState state, PacketReader pvSrc)
   at Server.Network.MessagePump.HandleReceive(NetState ns)
   at Server.Network.MessagePump.Slice()
   at Server.Core.Main(String[] args)

5/29/2017 9:05:17 PM Warning: Compression buffer overflowed on packet 0xDD ('DisplayGumpPacked') (length=0)
   at Server.Network.Packet.InternalCompile(Boolean compress)
   at Server.Network.Packet.Compile(Boolean compress, Int32& length)
   at Server.Network.NetState.Send(Packet p)
   at Server.Mobile.SendGump(Gump g, Boolean throwOnOffline)
   at VitaNex.SuperGumps.SuperGump.<Send>b__7()
   at VitaNex.VitaNexCore.TryCatchGet[T](Func`1 func, Action`1 handler)
   at VitaNex.SuperGumps.SuperGump.Send()
   at VitaNex.VitaNexCore.OnCoreCommand(CommandEventArgs e)
   at Server.Commands.CommandSystem.Handle(Mobile from, String text, MessageType type)
   at Server.Mobile.DoSpeech(String text, Int32[] keywords, MessageType type, Int32 hue)
   at Server.Network.PacketHandlers.UnicodeSpeech(NetState state, PacketReader pvSrc)
   at Server.Network.MessagePump.HandleReceive(NetState ns)
   at Server.Network.MessagePump.Slice()
   at Server.Core.Main(String[] args)

5/29/2017 9:05:26 PM Warning: Compression buffer overflowed on packet 0xDD ('DisplayGumpPacked') (length=0)
   at Server.Network.Packet.InternalCompile(Boolean compress)
   at Server.Network.Packet.Compile(Boolean compress, Int32& length)
   at Server.Network.NetState.Send(Packet p)
   at Server.Mobile.SendGump(Gump g, Boolean throwOnOffline)
   at VitaNex.SuperGumps.SuperGump.<Send>b__7()
   at VitaNex.VitaNexCore.TryCatchGet[T](Func`1 func, Action`1 handler)
   at VitaNex.SuperGumps.SuperGump.Send()
   at VitaNex.VitaNexCore.OnCoreCommand(CommandEventArgs e)
   at Server.Commands.CommandSystem.Handle(Mobile from, String text, MessageType type)
   at Server.Mobile.DoSpeech(String text, Int32[] keywords, MessageType type, Int32 hue)
   at Server.Network.PacketHandlers.UnicodeSpeech(NetState state, PacketReader pvSrc)
   at Server.Network.MessagePump.HandleReceive(NetState ns)
   at Server.Network.MessagePump.Slice()
   at Server.Core.Main(String[] args)

5/29/2017 10:59:21 PM Warning: Compression buffer overflowed on packet 0xDD ('DisplayGumpPacked') (length=0)
   at Server.Network.Packet.InternalCompile(Boolean compress)
   at Server.Network.Packet.Compile(Boolean compress, Int32& length)
   at Server.Network.NetState.Send(Packet p)
   at Server.Mobile.SendGump(Gump g, Boolean throwOnOffline)
   at VitaNex.SuperGumps.SuperGump.<Send>b__7()
   at VitaNex.VitaNexCore.TryCatchGet[T](Func`1 func, Action`1 handler)
   at VitaNex.SuperGumps.SuperGump.Send()
   at VitaNex.SuperGumps.SuperGump.HandleButtonClick(GumpButton button)
   at VitaNex.SuperGumps.SuperGump.OnResponse(NetState sender, RelayInfo info)
   at Server.Network.PacketHandlers.DisplayGumpResponse(NetState state, PacketReader pvSrc)
   at Server.Network.MessagePump.HandleReceive(NetState ns)
   at Server.Network.MessagePump.Slice()
   at Server.Core.Main(String[] args)

6/1/2017 7:09:11 PM Warning: Compression buffer overflowed on packet 0xDD ('DisplayGumpPacked') (length=0)
   at Server.Network.Packet.InternalCompile(Boolean compress)
   at Server.Network.Packet.Compile(Boolean compress, Int32& length)
   at Server.Network.NetState.Send(Packet p)
   at Server.Mobile.SendGump(Gump g, Boolean throwOnOffline)
   at VitaNex.SuperGumps.SuperGump.<Send>b__7()
   at VitaNex.VitaNexCore.TryCatchGet[T](Func`1 func, Action`1 handler)
   at VitaNex.SuperGumps.SuperGump.Send()
   at VitaNex.SuperGumps.SuperGump.HandleButtonClick(GumpButton button)
   at VitaNex.SuperGumps.SuperGump.OnResponse(NetState sender, RelayInfo info)
   at Server.Network.PacketHandlers.DisplayGumpResponse(NetState state, PacketReader pvSrc)
   at Server.Network.MessagePump.HandleReceive(NetState ns)
   at Server.Network.MessagePump.Slice()
   at Server.Core.Main(String[] args)

6/1/2017 7:09:47 PM Warning: Compression buffer overflowed on packet 0xDD ('DisplayGumpPacked') (length=0)
   at Server.Network.Packet.InternalCompile(Boolean compress)
   at Server.Network.Packet.Compile(Boolean compress, Int32& length)
   at Server.Network.NetState.Send(Packet p)
   at Server.Mobile.SendGump(Gump g, Boolean throwOnOffline)
   at VitaNex.SuperGumps.SuperGump.<Send>b__7()
   at VitaNex.VitaNexCore.TryCatchGet[T](Func`1 func, Action`1 handler)
   at VitaNex.SuperGumps.SuperGump.Send()
   at VitaNex.VitaNexCore.OnCoreCommand(CommandEventArgs e)
   at Server.Commands.CommandSystem.Handle(Mobile from, String text, MessageType type)
   at Server.Mobile.DoSpeech(String text, Int32[] keywords, MessageType type, Int32 hue)
   at Server.Network.PacketHandlers.UnicodeSpeech(NetState state, PacketReader pvSrc)
   at Server.Network.MessagePump.HandleReceive(NetState ns)
   at Server.Network.MessagePump.Slice()
   at Server.Core.Main(String[] args)

6/1/2017 7:09:55 PM Warning: Compression buffer overflowed on packet 0xDD ('DisplayGumpPacked') (length=0)
   at Server.Network.Packet.InternalCompile(Boolean compress)
   at Server.Network.Packet.Compile(Boolean compress, Int32& length)
   at Server.Network.NetState.Send(Packet p)
   at Server.Mobile.SendGump(Gump g, Boolean throwOnOffline)
   at VitaNex.SuperGumps.SuperGump.<Send>b__7()
   at VitaNex.VitaNexCore.TryCatchGet[T](Func`1 func, Action`1 handler)
   at VitaNex.SuperGumps.SuperGump.Send()
   at VitaNex.VitaNexCore.OnCoreCommand(CommandEventArgs e)
   at Server.Commands.CommandSystem.Handle(Mobile from, String text, MessageType type)
   at Server.Mobile.DoSpeech(String text, Int32[] keywords, MessageType type, Int32 hue)
   at Server.Network.PacketHandlers.UnicodeSpeech(NetState state, PacketReader pvSrc)
   at Server.Network.MessagePump.HandleReceive(NetState ns)
   at Server.Network.MessagePump.Slice()
   at Server.Core.Main(String[] args)

6/1/2017 7:18:14 PM Warning: Compression buffer overflowed on packet 0xDD ('DisplayGumpPacked') (length=0)
   at Server.Network.Packet.InternalCompile(Boolean compress)
   at Server.Network.Packet.Compile(Boolean compress, Int32& length)
   at Server.Network.NetState.Send(Packet p)
   at Server.Mobile.SendGump(Gump g, Boolean throwOnOffline)
   at VitaNex.SuperGumps.SuperGump.<Send>b__7()
   at VitaNex.VitaNexCore.TryCatchGet[T](Func`1 func, Action`1 handler)
   at VitaNex.SuperGumps.SuperGump.Send()
   at VitaNex.SuperGumps.SuperGump.HandleButtonClick(GumpButton button)
   at VitaNex.SuperGumps.SuperGump.OnResponse(NetState sender, RelayInfo info)
   at Server.Network.PacketHandlers.DisplayGumpResponse(NetState state, PacketReader pvSrc)
   at Server.Network.MessagePump.HandleReceive(NetState ns)
   at Server.Network.MessagePump.Slice()
   at Server.Core.Main(String[] args)

6/1/2017 7:18:22 PM Warning: Compression buffer overflowed on packet 0xDD ('DisplayGumpPacked') (length=0)
   at Server.Network.Packet.InternalCompile(Boolean compress)
   at Server.Network.Packet.Compile(Boolean compress, Int32& length)
   at Server.Network.NetState.Send(Packet p)
   at Server.Mobile.SendGump(Gump g, Boolean throwOnOffline)
   at VitaNex.SuperGumps.SuperGump.<Send>b__7()
   at VitaNex.VitaNexCore.TryCatchGet[T](Func`1 func, Action`1 handler)
   at VitaNex.SuperGumps.SuperGump.Send()
   at VitaNex.VitaNexCore.OnCoreCommand(CommandEventArgs e)
   at Server.Commands.CommandSystem.Handle(Mobile from, String text, MessageType type)
   at Server.Mobile.DoSpeech(String text, Int32[] keywords, MessageType type, Int32 hue)
   at Server.Network.PacketHandlers.UnicodeSpeech(NetState state, PacketReader pvSrc)
   at Server.Network.MessagePump.HandleReceive(NetState ns)
   at Server.Network.MessagePump.Slice()
   at Server.Core.Main(String[] args)

6/2/2017 5:30:48 PM Warning: Compression buffer overflowed on packet 0xDD ('DisplayGumpPacked') (length=0)
   at Server.Network.Packet.InternalCompile(Boolean compress)
   at Server.Network.Packet.Compile(Boolean compress, Int32& length)
   at Server.Network.NetState.Send(Packet p)
   at Server.Mobile.SendGump(Gump g, Boolean throwOnOffline)
   at VitaNex.SuperGumps.SuperGump.<Send>b__7()
   at VitaNex.VitaNexCore.TryCatchGet[T](Func`1 func, Action`1 handler)
   at VitaNex.SuperGumps.SuperGump.Send()
   at VitaNex.SuperGumps.SuperGump.HandleButtonClick(GumpButton button)
   at VitaNex.SuperGumps.SuperGump.OnResponse(NetState sender, RelayInfo info)
   at Server.Network.PacketHandlers.DisplayGumpResponse(NetState state, PacketReader pvSrc)
   at Server.Network.MessagePump.HandleReceive(NetState ns)
   at Server.Network.MessagePump.Slice()
   at Server.Core.Main(String[] args)

6/2/2017 5:30:53 PM Warning: Compression buffer overflowed on packet 0xDD ('DisplayGumpPacked') (length=0)
   at Server.Network.Packet.InternalCompile(Boolean compress)
   at Server.Network.Packet.Compile(Boolean compress, Int32& length)
   at Server.Network.NetState.Send(Packet p)
   at Server.Mobile.SendGump(Gump g, Boolean throwOnOffline)
   at VitaNex.SuperGumps.SuperGump.<Send>b__7()
   at VitaNex.VitaNexCore.TryCatchGet[T](Func`1 func, Action`1 handler)
   at VitaNex.SuperGumps.SuperGump.Send()
   at VitaNex.VitaNexCore.OnCoreCommand(CommandEventArgs e)
   at Server.Commands.CommandSystem.Handle(Mobile from, String text, MessageType type)
   at Server.Mobile.DoSpeech(String text, Int32[] keywords, MessageType type, Int32 hue)
   at Server.Network.PacketHandlers.UnicodeSpeech(NetState state, PacketReader pvSrc)
   at Server.Network.MessagePump.HandleReceive(NetState ns)
   at Server.Network.MessagePump.Slice()
   at Server.Core.Main(String[] args)

6/2/2017 5:33:29 PM Warning: Compression buffer overflowed on packet 0xDD ('DisplayGumpPacked') (length=0)
   at Server.Network.Packet.InternalCompile(Boolean compress)
   at Server.Network.Packet.Compile(Boolean compress, Int32& length)
   at Server.Network.NetState.Send(Packet p)
   at Server.Mobile.SendGump(Gump g, Boolean throwOnOffline)
   at VitaNex.SuperGumps.SuperGump.<Send>b__7()
   at VitaNex.VitaNexCore.TryCatchGet[T](Func`1 func, Action`1 handler)
   at VitaNex.SuperGumps.SuperGump.Send()
   at VitaNex.VitaNexCore.OnCoreCommand(CommandEventArgs e)
   at Server.Commands.CommandSystem.Handle(Mobile from, String text, MessageType type)
   at Server.Mobile.DoSpeech(String text, Int32[] keywords, MessageType type, Int32 hue)
   at Server.Network.PacketHandlers.UnicodeSpeech(NetState state, PacketReader pvSrc)
   at Server.Network.MessagePump.HandleReceive(NetState ns)
   at Server.Network.MessagePump.Slice()
   at Server.Core.Main(String[] args)

6/3/2017 1:04:52 AM Warning: Compression buffer overflowed on packet 0xDD ('DisplayGumpPacked') (length=0)
   at Server.Network.Packet.InternalCompile(Boolean compress)
   at Server.Network.Packet.Compile(Boolean compress, Int32& length)
   at Server.Network.NetState.Send(Packet p)
   at Server.Mobile.SendGump(Gump g, Boolean throwOnOffline)
   at VitaNex.SuperGumps.SuperGump.<Send>b__7()
   at VitaNex.VitaNexCore.TryCatchGet[T](Func`1 func, Action`1 handler)
   at VitaNex.SuperGumps.SuperGump.Send()
   at VitaNex.SuperGumps.SuperGump.HandleButtonClick(GumpButton button)
   at VitaNex.SuperGumps.SuperGump.OnResponse(NetState sender, RelayInfo info)
   at Server.Network.PacketHandlers.DisplayGumpResponse(NetState state, PacketReader pvSrc)
   at Server.Network.MessagePump.HandleReceive(NetState ns)
   at Server.Network.MessagePump.Slice()
   at Server.Core.Main(String[] args)

