Server Crash Report
===================

ServUO Version 0.5, Build 6355.21869
Operating System: Microsoft Windows NT 6.2.9200.0
.NET Framework: 4.0.30319.42000
Time: 5/26/2017 9:33:22 PM
Mobiles: 15601
Items: 139059
Exception:
System.NullReferenceException: Object reference not set to an instance of an object.
   at Server.Engines.BulkOrders.RewardCalculator.LookupRewards(Int32 points)
   at Server.Engines.BulkOrders.SmallSmithBOD.ComputeRewards(Boolean full)
   at Server.Commands.Docs.DocumentBulkOrders()
   at Server.Commands.Docs.Document()
   at Server.Commands.Docs.DocGen_OnCommand(CommandEventArgs e)
   at Server.Commands.CommandSystem.Handle(Mobile from, String text, MessageType type) in C:\Users\adcoo\Desktop\NEW HORIZON SERVER\New Horizon Server\Server\Commands.cs:line 264
   at Server.Mobile.DoSpeech(String text, Int32[] keywords, MessageType type, Int32 hue) in C:\Users\adcoo\Desktop\NEW HORIZON SERVER\New Horizon Server\Server\Mobile.cs:line 5062
   at Server.Network.PacketHandlers.UnicodeSpeech(NetState state, PacketReader pvSrc) in C:\Users\adcoo\Desktop\NEW HORIZON SERVER\New Horizon Server\Server\Network\PacketHandlers.cs:line 1626
   at Server.Network.MessagePump.HandleReceive(NetState ns) in C:\Users\adcoo\Desktop\NEW HORIZON SERVER\New Horizon Server\Server\Network\MessagePump.cs:line 187
   at Server.Network.MessagePump.Slice() in C:\Users\adcoo\Desktop\NEW HORIZON SERVER\New Horizon Server\Server\Network\MessagePump.cs:line 121
   at Server.Core.Main(String[] args) in C:\Users\adcoo\Desktop\NEW HORIZON SERVER\New Horizon Server\Server\Main.cs:line 587

Clients:
- Count: 1
+ 10.0.0.7: (account = Hex) (mobile = 0x3B4 'Hex')
