# 5/28/2017 7:41:32 PM
   at Server.Mobile.Delta(MobileDelta flag)
   at Server.Mobiles.PlayerMobile.Delta(MobileDelta flag)
   at Server.Mobile.UpdateResistances()
   at Server.Mobiles.PlayerMobile.set_HumilityHunt(Boolean value)
   at Server.Mobiles.PlayerMobile.Serialize(GenericWriter writer)
   at Server.StandardSaveStrategy.SaveMobiles(SaveMetrics metrics)
   at Server.DualSaveStrategy.Save(SaveMetrics metrics, Boolean permitBackgroundWrite)
   at Server.World.Save(Boolean message, Boolean permitBackgroundWrite)
   at Server.Misc.ServerConsole.Next(String input)
   at Server.Misc.ServerConsole.ConsoleListen(Object stateInfo)
   at System.Threading.ExecutionContext.RunInternal(ExecutionContext executionContext, ContextCallback callback, Object state, Boolean preserveSyncCtx)
   at System.Threading.ExecutionContext.Run(ExecutionContext executionContext, ContextCallback callback, Object state, Boolean preserveSyncCtx)
   at System.Threading.QueueUserWorkItemCallback.System.Threading.IThreadPoolWorkItem.ExecuteWorkItem()
   at System.Threading.ThreadPoolWorkQueue.Dispatch()


# 5/29/2017 6:11:18 AM
   at Server.Mobile.Delta(MobileDelta flag)
   at Server.Mobiles.PlayerMobile.Delta(MobileDelta flag)
   at Server.Mobile.GetStatOffset(StatType type)
   at Server.Mobiles.PlayerMobile.get_HitsMax()
   at Server.Network.MobileStatusExtended..ctor(Mobile m, NetState ns)
   at Server.Mobile.ProcessDelta()
   at Server.Mobile.ProcessDeltaQueue()
   at Server.Core.Main(String[] args)


# 5/29/2017 10:20:10 AM
   at Server.Mobile.Delta(MobileDelta flag)
   at Server.Mobiles.PlayerMobile.Delta(MobileDelta flag)
   at Server.Mobile.GetStatOffset(StatType type)
   at Server.Mobiles.PlayerMobile.get_HitsMax()
   at Server.Network.MobileStatusExtended..ctor(Mobile m, NetState ns)
   at Server.Mobile.ProcessDelta()
   at Server.Mobile.ProcessDeltaQueue()
   at Server.Core.Main(String[] args)


# 5/29/2017 6:25:58 PM
   at Server.Mobile.Delta(MobileDelta flag)
   at Server.Mobiles.PlayerMobile.Delta(MobileDelta flag)
   at Server.Mobile.UpdateResistances()
   at Server.Mobiles.PlayerMobile.set_HumilityHunt(Boolean value)
   at Server.Mobiles.PlayerMobile.Serialize(GenericWriter writer)
   at Server.StandardSaveStrategy.SaveMobiles(SaveMetrics metrics)
   at Server.DualSaveStrategy.Save(SaveMetrics metrics, Boolean permitBackgroundWrite)
   at Server.World.Save(Boolean message, Boolean permitBackgroundWrite)
   at Server.Misc.ServerConsole.Next(String input)
   at Server.Misc.ServerConsole.ConsoleListen(Object stateInfo)
   at System.Threading.ExecutionContext.RunInternal(ExecutionContext executionContext, ContextCallback callback, Object state, Boolean preserveSyncCtx)
   at System.Threading.ExecutionContext.Run(ExecutionContext executionContext, ContextCallback callback, Object state, Boolean preserveSyncCtx)
   at System.Threading.QueueUserWorkItemCallback.System.Threading.IThreadPoolWorkItem.ExecuteWorkItem()
   at System.Threading.ThreadPoolWorkQueue.Dispatch()


# 5/29/2017 9:23:59 PM
   at Server.Mobile.Delta(MobileDelta flag)
   at Server.Mobiles.PlayerMobile.Delta(MobileDelta flag)
   at Server.Mobile.UpdateResistances()
   at Server.Mobiles.PlayerMobile.set_HumilityHunt(Boolean value)
   at Server.Mobiles.PlayerMobile.Serialize(GenericWriter writer)
   at Server.StandardSaveStrategy.SaveMobiles(SaveMetrics metrics)
   at Server.DualSaveStrategy.Save(SaveMetrics metrics, Boolean permitBackgroundWrite)
   at Server.World.Save(Boolean message, Boolean permitBackgroundWrite)
   at Server.Misc.ServerConsole.Next(String input)
   at Server.Misc.ServerConsole.ConsoleListen(Object stateInfo)
   at System.Threading.ExecutionContext.RunInternal(ExecutionContext executionContext, ContextCallback callback, Object state, Boolean preserveSyncCtx)
   at System.Threading.ExecutionContext.Run(ExecutionContext executionContext, ContextCallback callback, Object state, Boolean preserveSyncCtx)
   at System.Threading.QueueUserWorkItemCallback.System.Threading.IThreadPoolWorkItem.ExecuteWorkItem()
   at System.Threading.ThreadPoolWorkQueue.Dispatch()


# 5/30/2017 1:24:23 PM
   at Server.Mobile.Delta(MobileDelta flag)
   at Server.Mobiles.PlayerMobile.Delta(MobileDelta flag)
   at Server.Mobile.UpdateResistances()
   at Server.Mobiles.PlayerMobile.set_HumilityHunt(Boolean value)
   at Server.Mobiles.PlayerMobile.Serialize(GenericWriter writer)
   at Server.StandardSaveStrategy.SaveMobiles(SaveMetrics metrics)
   at Server.DualSaveStrategy.Save(SaveMetrics metrics, Boolean permitBackgroundWrite)
   at Server.World.Save(Boolean message, Boolean permitBackgroundWrite)
   at Server.Misc.ServerConsole.Next(String input)
   at Server.Misc.ServerConsole.ConsoleListen(Object stateInfo)
   at System.Threading.ExecutionContext.RunInternal(ExecutionContext executionContext, ContextCallback callback, Object state, Boolean preserveSyncCtx)
   at System.Threading.ExecutionContext.Run(ExecutionContext executionContext, ContextCallback callback, Object state, Boolean preserveSyncCtx)
   at System.Threading.QueueUserWorkItemCallback.System.Threading.IThreadPoolWorkItem.ExecuteWorkItem()
   at System.Threading.ThreadPoolWorkQueue.Dispatch()


# 6/1/2017 1:40:28 AM
   at Server.Mobile.Delta(MobileDelta flag)
   at Server.Mobiles.PlayerMobile.Delta(MobileDelta flag)
   at Server.Mobile.UpdateResistances()
   at Server.Mobiles.PlayerMobile.set_HumilityHunt(Boolean value)
   at Server.Mobiles.PlayerMobile.Serialize(GenericWriter writer)
   at Server.StandardSaveStrategy.SaveMobiles(SaveMetrics metrics)
   at Server.DualSaveStrategy.Save(SaveMetrics metrics, Boolean permitBackgroundWrite)
   at Server.World.Save(Boolean message, Boolean permitBackgroundWrite)
   at Server.Misc.ServerConsole.Next(String input)
   at Server.Misc.ServerConsole.ConsoleListen(Object stateInfo)
   at System.Threading.ExecutionContext.RunInternal(ExecutionContext executionContext, ContextCallback callback, Object state, Boolean preserveSyncCtx)
   at System.Threading.ExecutionContext.Run(ExecutionContext executionContext, ContextCallback callback, Object state, Boolean preserveSyncCtx)
   at System.Threading.QueueUserWorkItemCallback.System.Threading.IThreadPoolWorkItem.ExecuteWorkItem()
   at System.Threading.ThreadPoolWorkQueue.Dispatch()


# 6/1/2017 1:40:28 AM
   at Server.Mobile.Delta(MobileDelta flag)
   at Server.Mobiles.PlayerMobile.Delta(MobileDelta flag)
   at Server.Mobile.UpdateResistances()
   at Server.Mobiles.PlayerMobile.set_HumilityHunt(Boolean value)
   at Server.Mobiles.PlayerMobile.Serialize(GenericWriter writer)
   at Server.StandardSaveStrategy.SaveMobiles(SaveMetrics metrics)
   at Server.DualSaveStrategy.Save(SaveMetrics metrics, Boolean permitBackgroundWrite)
   at Server.World.Save(Boolean message, Boolean permitBackgroundWrite)
   at Server.Misc.ServerConsole.Next(String input)
   at Server.Misc.ServerConsole.ConsoleListen(Object stateInfo)
   at System.Threading.ExecutionContext.RunInternal(ExecutionContext executionContext, ContextCallback callback, Object state, Boolean preserveSyncCtx)
   at System.Threading.ExecutionContext.Run(ExecutionContext executionContext, ContextCallback callback, Object state, Boolean preserveSyncCtx)
   at System.Threading.QueueUserWorkItemCallback.System.Threading.IThreadPoolWorkItem.ExecuteWorkItem()
   at System.Threading.ThreadPoolWorkQueue.Dispatch()


# 6/1/2017 2:05:34 AM
   at Server.Mobile.Delta(MobileDelta flag)
   at Server.Mobiles.PlayerMobile.Delta(MobileDelta flag)
   at Server.Mobile.UpdateResistances()
   at Server.Mobiles.PlayerMobile.set_HumilityHunt(Boolean value)
   at Server.Mobiles.PlayerMobile.Serialize(GenericWriter writer)
   at Server.StandardSaveStrategy.SaveMobiles(SaveMetrics metrics)
   at Server.DualSaveStrategy.Save(SaveMetrics metrics, Boolean permitBackgroundWrite)
   at Server.World.Save(Boolean message, Boolean permitBackgroundWrite)
   at Server.Misc.ServerConsole.Next(String input)
   at Server.Misc.ServerConsole.ConsoleListen(Object stateInfo)
   at System.Threading.ExecutionContext.RunInternal(ExecutionContext executionContext, ContextCallback callback, Object state, Boolean preserveSyncCtx)
   at System.Threading.ExecutionContext.Run(ExecutionContext executionContext, ContextCallback callback, Object state, Boolean preserveSyncCtx)
   at System.Threading.QueueUserWorkItemCallback.System.Threading.IThreadPoolWorkItem.ExecuteWorkItem()
   at System.Threading.ThreadPoolWorkQueue.Dispatch()


# 6/1/2017 2:05:34 AM
   at Server.Mobile.Delta(MobileDelta flag)
   at Server.Mobiles.PlayerMobile.Delta(MobileDelta flag)
   at Server.Mobile.UpdateResistances()
   at Server.Mobiles.PlayerMobile.set_HumilityHunt(Boolean value)
   at Server.Mobiles.PlayerMobile.Serialize(GenericWriter writer)
   at Server.StandardSaveStrategy.SaveMobiles(SaveMetrics metrics)
   at Server.DualSaveStrategy.Save(SaveMetrics metrics, Boolean permitBackgroundWrite)
   at Server.World.Save(Boolean message, Boolean permitBackgroundWrite)
   at Server.Misc.ServerConsole.Next(String input)
   at Server.Misc.ServerConsole.ConsoleListen(Object stateInfo)
   at System.Threading.ExecutionContext.RunInternal(ExecutionContext executionContext, ContextCallback callback, Object state, Boolean preserveSyncCtx)
   at System.Threading.ExecutionContext.Run(ExecutionContext executionContext, ContextCallback callback, Object state, Boolean preserveSyncCtx)
   at System.Threading.QueueUserWorkItemCallback.System.Threading.IThreadPoolWorkItem.ExecuteWorkItem()
   at System.Threading.ThreadPoolWorkQueue.Dispatch()


# 6/1/2017 2:22:15 AM
   at Server.Mobile.Delta(MobileDelta flag)
   at Server.Mobiles.PlayerMobile.Delta(MobileDelta flag)
   at Server.Mobile.UpdateResistances()
   at Server.Mobiles.PlayerMobile.set_HumilityHunt(Boolean value)
   at Server.Mobiles.PlayerMobile.Serialize(GenericWriter writer)
   at Server.StandardSaveStrategy.SaveMobiles(SaveMetrics metrics)
   at Server.DualSaveStrategy.Save(SaveMetrics metrics, Boolean permitBackgroundWrite)
   at Server.World.Save(Boolean message, Boolean permitBackgroundWrite)
   at Server.Misc.ServerConsole.Next(String input)
   at Server.Misc.ServerConsole.ConsoleListen(Object stateInfo)
   at System.Threading.ExecutionContext.RunInternal(ExecutionContext executionContext, ContextCallback callback, Object state, Boolean preserveSyncCtx)
   at System.Threading.ExecutionContext.Run(ExecutionContext executionContext, ContextCallback callback, Object state, Boolean preserveSyncCtx)
   at System.Threading.QueueUserWorkItemCallback.System.Threading.IThreadPoolWorkItem.ExecuteWorkItem()
   at System.Threading.ThreadPoolWorkQueue.Dispatch()


# 6/1/2017 2:22:15 AM
   at Server.Mobile.Delta(MobileDelta flag)
   at Server.Mobiles.PlayerMobile.Delta(MobileDelta flag)
   at Server.Mobile.UpdateResistances()
   at Server.Mobiles.PlayerMobile.set_HumilityHunt(Boolean value)
   at Server.Mobiles.PlayerMobile.Serialize(GenericWriter writer)
   at Server.StandardSaveStrategy.SaveMobiles(SaveMetrics metrics)
   at Server.DualSaveStrategy.Save(SaveMetrics metrics, Boolean permitBackgroundWrite)
   at Server.World.Save(Boolean message, Boolean permitBackgroundWrite)
   at Server.Misc.ServerConsole.Next(String input)
   at Server.Misc.ServerConsole.ConsoleListen(Object stateInfo)
   at System.Threading.ExecutionContext.RunInternal(ExecutionContext executionContext, ContextCallback callback, Object state, Boolean preserveSyncCtx)
   at System.Threading.ExecutionContext.Run(ExecutionContext executionContext, ContextCallback callback, Object state, Boolean preserveSyncCtx)
   at System.Threading.QueueUserWorkItemCallback.System.Threading.IThreadPoolWorkItem.ExecuteWorkItem()
   at System.Threading.ThreadPoolWorkQueue.Dispatch()


# 6/2/2017 12:17:32 PM
   at Server.Mobile.Delta(MobileDelta flag)
   at Server.Mobiles.PlayerMobile.Delta(MobileDelta flag)
   at Server.Mobile.UpdateResistances()
   at Server.Mobiles.PlayerMobile.set_HumilityHunt(Boolean value)
   at Server.Mobiles.PlayerMobile.Serialize(GenericWriter writer)
   at Server.StandardSaveStrategy.SaveMobiles(SaveMetrics metrics)
   at Server.DualSaveStrategy.Save(SaveMetrics metrics, Boolean permitBackgroundWrite)
   at Server.World.Save(Boolean message, Boolean permitBackgroundWrite)
   at Server.Misc.ServerConsole.Next(String input)
   at Server.Misc.ServerConsole.ConsoleListen(Object stateInfo)
   at System.Threading.ExecutionContext.RunInternal(ExecutionContext executionContext, ContextCallback callback, Object state, Boolean preserveSyncCtx)
   at System.Threading.ExecutionContext.Run(ExecutionContext executionContext, ContextCallback callback, Object state, Boolean preserveSyncCtx)
   at System.Threading.QueueUserWorkItemCallback.System.Threading.IThreadPoolWorkItem.ExecuteWorkItem()
   at System.Threading.ThreadPoolWorkQueue.Dispatch()


# 6/2/2017 12:17:32 PM
   at Server.Mobile.Delta(MobileDelta flag)
   at Server.Mobiles.PlayerMobile.Delta(MobileDelta flag)
   at Server.Mobile.UpdateResistances()
   at Server.Mobiles.PlayerMobile.set_HumilityHunt(Boolean value)
   at Server.Mobiles.PlayerMobile.Serialize(GenericWriter writer)
   at Server.StandardSaveStrategy.SaveMobiles(SaveMetrics metrics)
   at Server.DualSaveStrategy.Save(SaveMetrics metrics, Boolean permitBackgroundWrite)
   at Server.World.Save(Boolean message, Boolean permitBackgroundWrite)
   at Server.Misc.ServerConsole.Next(String input)
   at Server.Misc.ServerConsole.ConsoleListen(Object stateInfo)
   at System.Threading.ExecutionContext.RunInternal(ExecutionContext executionContext, ContextCallback callback, Object state, Boolean preserveSyncCtx)
   at System.Threading.ExecutionContext.Run(ExecutionContext executionContext, ContextCallback callback, Object state, Boolean preserveSyncCtx)
   at System.Threading.QueueUserWorkItemCallback.System.Threading.IThreadPoolWorkItem.ExecuteWorkItem()
   at System.Threading.ThreadPoolWorkQueue.Dispatch()


# 6/2/2017 12:17:32 PM
   at Server.Mobile.Delta(MobileDelta flag)
   at Server.Mobiles.PlayerMobile.Delta(MobileDelta flag)
   at Server.Mobile.UpdateResistances()
   at Server.Mobiles.PlayerMobile.set_HumilityHunt(Boolean value)
   at Server.Mobiles.PlayerMobile.Serialize(GenericWriter writer)
   at Server.StandardSaveStrategy.SaveMobiles(SaveMetrics metrics)
   at Server.DualSaveStrategy.Save(SaveMetrics metrics, Boolean permitBackgroundWrite)
   at Server.World.Save(Boolean message, Boolean permitBackgroundWrite)
   at Server.Misc.ServerConsole.Next(String input)
   at Server.Misc.ServerConsole.ConsoleListen(Object stateInfo)
   at System.Threading.ExecutionContext.RunInternal(ExecutionContext executionContext, ContextCallback callback, Object state, Boolean preserveSyncCtx)
   at System.Threading.ExecutionContext.Run(ExecutionContext executionContext, ContextCallback callback, Object state, Boolean preserveSyncCtx)
   at System.Threading.QueueUserWorkItemCallback.System.Threading.IThreadPoolWorkItem.ExecuteWorkItem()
   at System.Threading.ThreadPoolWorkQueue.Dispatch()


# 6/2/2017 10:35:34 PM
   at Server.Mobile.Delta(MobileDelta flag)
   at Server.Mobiles.PlayerMobile.Delta(MobileDelta flag)
   at Server.Mobile.UpdateResistances()
   at Server.Mobiles.PlayerMobile.set_HumilityHunt(Boolean value)
   at Server.Mobiles.PlayerMobile.Serialize(GenericWriter writer)
   at Server.StandardSaveStrategy.SaveMobiles(SaveMetrics metrics)
   at Server.DualSaveStrategy.Save(SaveMetrics metrics, Boolean permitBackgroundWrite)
   at Server.World.Save(Boolean message, Boolean permitBackgroundWrite)
   at Server.Misc.ServerConsole.Next(String input)
   at Server.Misc.ServerConsole.ConsoleListen(Object stateInfo)
   at System.Threading.ExecutionContext.RunInternal(ExecutionContext executionContext, ContextCallback callback, Object state, Boolean preserveSyncCtx)
   at System.Threading.ExecutionContext.Run(ExecutionContext executionContext, ContextCallback callback, Object state, Boolean preserveSyncCtx)
   at System.Threading.QueueUserWorkItemCallback.System.Threading.IThreadPoolWorkItem.ExecuteWorkItem()
   at System.Threading.ThreadPoolWorkQueue.Dispatch()


# 6/2/2017 10:35:34 PM
   at Server.Mobile.Delta(MobileDelta flag)
   at Server.Mobiles.PlayerMobile.Delta(MobileDelta flag)
   at Server.Mobile.UpdateResistances()
   at Server.Mobiles.PlayerMobile.set_HumilityHunt(Boolean value)
   at Server.Mobiles.PlayerMobile.Serialize(GenericWriter writer)
   at Server.StandardSaveStrategy.SaveMobiles(SaveMetrics metrics)
   at Server.DualSaveStrategy.Save(SaveMetrics metrics, Boolean permitBackgroundWrite)
   at Server.World.Save(Boolean message, Boolean permitBackgroundWrite)
   at Server.Misc.ServerConsole.Next(String input)
   at Server.Misc.ServerConsole.ConsoleListen(Object stateInfo)
   at System.Threading.ExecutionContext.RunInternal(ExecutionContext executionContext, ContextCallback callback, Object state, Boolean preserveSyncCtx)
   at System.Threading.ExecutionContext.Run(ExecutionContext executionContext, ContextCallback callback, Object state, Boolean preserveSyncCtx)
   at System.Threading.QueueUserWorkItemCallback.System.Threading.IThreadPoolWorkItem.ExecuteWorkItem()
   at System.Threading.ThreadPoolWorkQueue.Dispatch()


# 6/2/2017 10:35:34 PM
   at Server.Mobile.Delta(MobileDelta flag)
   at Server.Mobiles.PlayerMobile.Delta(MobileDelta flag)
   at Server.Mobile.UpdateResistances()
   at Server.Mobiles.PlayerMobile.set_HumilityHunt(Boolean value)
   at Server.Mobiles.PlayerMobile.Serialize(GenericWriter writer)
   at Server.StandardSaveStrategy.SaveMobiles(SaveMetrics metrics)
   at Server.DualSaveStrategy.Save(SaveMetrics metrics, Boolean permitBackgroundWrite)
   at Server.World.Save(Boolean message, Boolean permitBackgroundWrite)
   at Server.Misc.ServerConsole.Next(String input)
   at Server.Misc.ServerConsole.ConsoleListen(Object stateInfo)
   at System.Threading.ExecutionContext.RunInternal(ExecutionContext executionContext, ContextCallback callback, Object state, Boolean preserveSyncCtx)
   at System.Threading.ExecutionContext.Run(ExecutionContext executionContext, ContextCallback callback, Object state, Boolean preserveSyncCtx)
   at System.Threading.QueueUserWorkItemCallback.System.Threading.IThreadPoolWorkItem.ExecuteWorkItem()
   at System.Threading.ThreadPoolWorkQueue.Dispatch()


# 6/2/2017 11:29:09 PM
   at Server.Mobile.Delta(MobileDelta flag)
   at Server.Mobiles.PlayerMobile.Delta(MobileDelta flag)
   at Server.Mobile.UpdateResistances()
   at Server.Mobiles.PlayerMobile.set_HumilityHunt(Boolean value)
   at Server.Mobiles.PlayerMobile.Serialize(GenericWriter writer)
   at Server.StandardSaveStrategy.SaveMobiles(SaveMetrics metrics)
   at Server.DualSaveStrategy.Save(SaveMetrics metrics, Boolean permitBackgroundWrite)
   at Server.World.Save(Boolean message, Boolean permitBackgroundWrite)
   at Server.Misc.ServerConsole.Next(String input)
   at Server.Misc.ServerConsole.ConsoleListen(Object stateInfo)
   at System.Threading.ExecutionContext.RunInternal(ExecutionContext executionContext, ContextCallback callback, Object state, Boolean preserveSyncCtx)
   at System.Threading.ExecutionContext.Run(ExecutionContext executionContext, ContextCallback callback, Object state, Boolean preserveSyncCtx)
   at System.Threading.QueueUserWorkItemCallback.System.Threading.IThreadPoolWorkItem.ExecuteWorkItem()
   at System.Threading.ThreadPoolWorkQueue.Dispatch()


# 6/2/2017 11:29:09 PM
   at Server.Mobile.Delta(MobileDelta flag)
   at Server.Mobiles.PlayerMobile.Delta(MobileDelta flag)
   at Server.Mobile.UpdateResistances()
   at Server.Mobiles.PlayerMobile.set_HumilityHunt(Boolean value)
   at Server.Mobiles.PlayerMobile.Serialize(GenericWriter writer)
   at Server.StandardSaveStrategy.SaveMobiles(SaveMetrics metrics)
   at Server.DualSaveStrategy.Save(SaveMetrics metrics, Boolean permitBackgroundWrite)
   at Server.World.Save(Boolean message, Boolean permitBackgroundWrite)
   at Server.Misc.ServerConsole.Next(String input)
   at Server.Misc.ServerConsole.ConsoleListen(Object stateInfo)
   at System.Threading.ExecutionContext.RunInternal(ExecutionContext executionContext, ContextCallback callback, Object state, Boolean preserveSyncCtx)
   at System.Threading.ExecutionContext.Run(ExecutionContext executionContext, ContextCallback callback, Object state, Boolean preserveSyncCtx)
   at System.Threading.QueueUserWorkItemCallback.System.Threading.IThreadPoolWorkItem.ExecuteWorkItem()
   at System.Threading.ThreadPoolWorkQueue.Dispatch()


# 6/2/2017 11:29:09 PM
   at Server.Mobile.Delta(MobileDelta flag)
   at Server.Mobiles.PlayerMobile.Delta(MobileDelta flag)
   at Server.Mobile.UpdateResistances()
   at Server.Mobiles.PlayerMobile.set_HumilityHunt(Boolean value)
   at Server.Mobiles.PlayerMobile.Serialize(GenericWriter writer)
   at Server.StandardSaveStrategy.SaveMobiles(SaveMetrics metrics)
   at Server.DualSaveStrategy.Save(SaveMetrics metrics, Boolean permitBackgroundWrite)
   at Server.World.Save(Boolean message, Boolean permitBackgroundWrite)
   at Server.Misc.ServerConsole.Next(String input)
   at Server.Misc.ServerConsole.ConsoleListen(Object stateInfo)
   at System.Threading.ExecutionContext.RunInternal(ExecutionContext executionContext, ContextCallback callback, Object state, Boolean preserveSyncCtx)
   at System.Threading.ExecutionContext.Run(ExecutionContext executionContext, ContextCallback callback, Object state, Boolean preserveSyncCtx)
   at System.Threading.QueueUserWorkItemCallback.System.Threading.IThreadPoolWorkItem.ExecuteWorkItem()
   at System.Threading.ThreadPoolWorkQueue.Dispatch()


# 6/4/2017 3:34:35 AM
   at Server.Mobile.Delta(MobileDelta flag)
   at Server.Mobiles.PlayerMobile.Delta(MobileDelta flag)
   at Server.Mobile.GetStatOffset(StatType type)
   at Server.Mobiles.PlayerMobile.get_HitsMax()
   at Server.Network.MobileStatusExtended..ctor(Mobile m, NetState ns)
   at Server.Mobile.ProcessDelta()
   at Server.Mobile.ProcessDeltaQueue()
   at Server.Core.Main(String[] args)


# 6/4/2017 10:57:12 AM
   at Server.Mobile.Delta(MobileDelta flag)
   at Server.Mobiles.PlayerMobile.Delta(MobileDelta flag)
   at Server.Mobile.GetStatOffset(StatType type)
   at Server.Mobiles.PlayerMobile.get_HitsMax()
   at Server.Network.MobileStatusExtended..ctor(Mobile m, NetState ns)
   at Server.Mobile.ProcessDelta()
   at Server.Mobile.ProcessDeltaQueue()
   at Server.Core.Main(String[] args)


# 6/5/2017 5:59:25 PM
   at Server.Mobile.Delta(MobileDelta flag)
   at Server.Mobiles.PlayerMobile.Delta(MobileDelta flag)
   at Server.Mobile.UpdateResistances()
   at Server.Mobiles.PlayerMobile.set_HumilityHunt(Boolean value)
   at Server.Mobiles.PlayerMobile.Serialize(GenericWriter writer)
   at Server.StandardSaveStrategy.SaveMobiles(SaveMetrics metrics)
   at Server.DualSaveStrategy.Save(SaveMetrics metrics, Boolean permitBackgroundWrite)
   at Server.World.Save(Boolean message, Boolean permitBackgroundWrite)
   at Server.Misc.ServerConsole.Next(String input)
   at Server.Misc.ServerConsole.ConsoleListen(Object stateInfo)
   at System.Threading.ExecutionContext.RunInternal(ExecutionContext executionContext, ContextCallback callback, Object state, Boolean preserveSyncCtx)
   at System.Threading.ExecutionContext.Run(ExecutionContext executionContext, ContextCallback callback, Object state, Boolean preserveSyncCtx)
   at System.Threading.QueueUserWorkItemCallback.System.Threading.IThreadPoolWorkItem.ExecuteWorkItem()
   at System.Threading.ThreadPoolWorkQueue.Dispatch()


# 6/5/2017 5:59:25 PM
   at Server.Mobile.Delta(MobileDelta flag)
   at Server.Mobiles.PlayerMobile.Delta(MobileDelta flag)
   at Server.Mobile.UpdateResistances()
   at Server.Mobiles.PlayerMobile.set_HumilityHunt(Boolean value)
   at Server.Mobiles.PlayerMobile.Serialize(GenericWriter writer)
   at Server.StandardSaveStrategy.SaveMobiles(SaveMetrics metrics)
   at Server.DualSaveStrategy.Save(SaveMetrics metrics, Boolean permitBackgroundWrite)
   at Server.World.Save(Boolean message, Boolean permitBackgroundWrite)
   at Server.Misc.ServerConsole.Next(String input)
   at Server.Misc.ServerConsole.ConsoleListen(Object stateInfo)
   at System.Threading.ExecutionContext.RunInternal(ExecutionContext executionContext, ContextCallback callback, Object state, Boolean preserveSyncCtx)
   at System.Threading.ExecutionContext.Run(ExecutionContext executionContext, ContextCallback callback, Object state, Boolean preserveSyncCtx)
   at System.Threading.QueueUserWorkItemCallback.System.Threading.IThreadPoolWorkItem.ExecuteWorkItem()
   at System.Threading.ThreadPoolWorkQueue.Dispatch()


# 6/5/2017 5:59:25 PM
   at Server.Mobile.Delta(MobileDelta flag)
   at Server.Mobiles.PlayerMobile.Delta(MobileDelta flag)
   at Server.Mobile.UpdateResistances()
   at Server.Mobiles.PlayerMobile.set_HumilityHunt(Boolean value)
   at Server.Mobiles.PlayerMobile.Serialize(GenericWriter writer)
   at Server.StandardSaveStrategy.SaveMobiles(SaveMetrics metrics)
   at Server.DualSaveStrategy.Save(SaveMetrics metrics, Boolean permitBackgroundWrite)
   at Server.World.Save(Boolean message, Boolean permitBackgroundWrite)
   at Server.Misc.ServerConsole.Next(String input)
   at Server.Misc.ServerConsole.ConsoleListen(Object stateInfo)
   at System.Threading.ExecutionContext.RunInternal(ExecutionContext executionContext, ContextCallback callback, Object state, Boolean preserveSyncCtx)
   at System.Threading.ExecutionContext.Run(ExecutionContext executionContext, ContextCallback callback, Object state, Boolean preserveSyncCtx)
   at System.Threading.QueueUserWorkItemCallback.System.Threading.IThreadPoolWorkItem.ExecuteWorkItem()
   at System.Threading.ThreadPoolWorkQueue.Dispatch()


# 6/5/2017 5:59:25 PM
   at Server.Mobile.Delta(MobileDelta flag)
   at Server.Mobiles.PlayerMobile.Delta(MobileDelta flag)
   at Server.Mobile.UpdateResistances()
   at Server.Mobiles.PlayerMobile.set_HumilityHunt(Boolean value)
   at Server.Mobiles.PlayerMobile.Serialize(GenericWriter writer)
   at Server.StandardSaveStrategy.SaveMobiles(SaveMetrics metrics)
   at Server.DualSaveStrategy.Save(SaveMetrics metrics, Boolean permitBackgroundWrite)
   at Server.World.Save(Boolean message, Boolean permitBackgroundWrite)
   at Server.Misc.ServerConsole.Next(String input)
   at Server.Misc.ServerConsole.ConsoleListen(Object stateInfo)
   at System.Threading.ExecutionContext.RunInternal(ExecutionContext executionContext, ContextCallback callback, Object state, Boolean preserveSyncCtx)
   at System.Threading.ExecutionContext.Run(ExecutionContext executionContext, ContextCallback callback, Object state, Boolean preserveSyncCtx)
   at System.Threading.QueueUserWorkItemCallback.System.Threading.IThreadPoolWorkItem.ExecuteWorkItem()
   at System.Threading.ThreadPoolWorkQueue.Dispatch()


# 6/5/2017 5:59:25 PM
   at Server.Mobile.Delta(MobileDelta flag)
   at Server.Mobiles.PlayerMobile.Delta(MobileDelta flag)
   at Server.Mobile.UpdateResistances()
   at Server.Mobiles.PlayerMobile.set_HumilityHunt(Boolean value)
   at Server.Mobiles.PlayerMobile.Serialize(GenericWriter writer)
   at Server.StandardSaveStrategy.SaveMobiles(SaveMetrics metrics)
   at Server.DualSaveStrategy.Save(SaveMetrics metrics, Boolean permitBackgroundWrite)
   at Server.World.Save(Boolean message, Boolean permitBackgroundWrite)
   at Server.Misc.ServerConsole.Next(String input)
   at Server.Misc.ServerConsole.ConsoleListen(Object stateInfo)
   at System.Threading.ExecutionContext.RunInternal(ExecutionContext executionContext, ContextCallback callback, Object state, Boolean preserveSyncCtx)
   at System.Threading.ExecutionContext.Run(ExecutionContext executionContext, ContextCallback callback, Object state, Boolean preserveSyncCtx)
   at System.Threading.QueueUserWorkItemCallback.System.Threading.IThreadPoolWorkItem.ExecuteWorkItem()
   at System.Threading.ThreadPoolWorkQueue.Dispatch()


# 6/5/2017 5:59:25 PM
   at Server.Mobile.Delta(MobileDelta flag)
   at Server.Mobiles.PlayerMobile.Delta(MobileDelta flag)
   at Server.Mobile.UpdateResistances()
   at Server.Mobiles.PlayerMobile.set_HumilityHunt(Boolean value)
   at Server.Mobiles.PlayerMobile.Serialize(GenericWriter writer)
   at Server.StandardSaveStrategy.SaveMobiles(SaveMetrics metrics)
   at Server.DualSaveStrategy.Save(SaveMetrics metrics, Boolean permitBackgroundWrite)
   at Server.World.Save(Boolean message, Boolean permitBackgroundWrite)
   at Server.Misc.ServerConsole.Next(String input)
   at Server.Misc.ServerConsole.ConsoleListen(Object stateInfo)
   at System.Threading.ExecutionContext.RunInternal(ExecutionContext executionContext, ContextCallback callback, Object state, Boolean preserveSyncCtx)
   at System.Threading.ExecutionContext.Run(ExecutionContext executionContext, ContextCallback callback, Object state, Boolean preserveSyncCtx)
   at System.Threading.QueueUserWorkItemCallback.System.Threading.IThreadPoolWorkItem.ExecuteWorkItem()
   at System.Threading.ThreadPoolWorkQueue.Dispatch()


# 6/5/2017 8:35:15 PM
   at Server.Mobile.Delta(MobileDelta flag)
   at Server.Mobiles.PlayerMobile.Delta(MobileDelta flag)
   at Server.Mobile.GetStatOffset(StatType type)
   at Server.Mobiles.PlayerMobile.get_HitsMax()
   at Server.Network.MobileStatusExtended..ctor(Mobile m, NetState ns)
   at Server.Mobile.ProcessDelta()
   at Server.Mobile.ProcessDeltaQueue()
   at Server.Core.Main(String[] args)


# 6/6/2017 12:29:08 AM
   at Server.Mobile.Delta(MobileDelta flag)
   at Server.Mobiles.PlayerMobile.Delta(MobileDelta flag)
   at Server.Mobile.GetStatOffset(StatType type)
   at Server.Mobiles.PlayerMobile.get_HitsMax()
   at Server.Network.MobileStatusExtended..ctor(Mobile m, NetState ns)
   at Server.Mobile.ProcessDelta()
   at Server.Mobile.ProcessDeltaQueue()
   at Server.Core.Main(String[] args)


# 6/6/2017 8:48:11 AM
   at Server.Mobile.Delta(MobileDelta flag)
   at Server.Mobiles.PlayerMobile.Delta(MobileDelta flag)
   at Server.Mobile.GetStatOffset(StatType type)
   at Server.Mobiles.PlayerMobile.get_HitsMax()
   at Server.Network.MobileStatusExtended..ctor(Mobile m, NetState ns)
   at Server.Mobile.ProcessDelta()
   at Server.Mobile.ProcessDeltaQueue()
   at Server.Core.Main(String[] args)


# 6/6/2017 9:49:25 AM
   at Server.Mobile.Delta(MobileDelta flag)
   at Server.Mobiles.PlayerMobile.Delta(MobileDelta flag)
   at Server.Mobile.GetStatOffset(StatType type)
   at Server.Mobiles.PlayerMobile.get_HitsMax()
   at Server.Network.MobileStatusExtended..ctor(Mobile m, NetState ns)
   at Server.Mobile.ProcessDelta()
   at Server.Mobile.ProcessDeltaQueue()
   at Server.Core.Main(String[] args)


# 6/6/2017 2:54:55 PM
   at Server.Mobile.Delta(MobileDelta flag)
   at Server.Mobiles.PlayerMobile.Delta(MobileDelta flag)
   at Server.Mobile.UpdateResistances()
   at Server.Mobiles.PlayerMobile.set_HumilityHunt(Boolean value)
   at Server.Mobiles.PlayerMobile.Serialize(GenericWriter writer)
   at Server.StandardSaveStrategy.SaveMobiles(SaveMetrics metrics)
   at Server.DualSaveStrategy.Save(SaveMetrics metrics, Boolean permitBackgroundWrite)
   at Server.World.Save(Boolean message, Boolean permitBackgroundWrite)
   at Server.Misc.ServerConsole.Next(String input)
   at Server.Misc.ServerConsole.ConsoleListen(Object stateInfo)
   at System.Threading.ExecutionContext.RunInternal(ExecutionContext executionContext, ContextCallback callback, Object state, Boolean preserveSyncCtx)
   at System.Threading.ExecutionContext.Run(ExecutionContext executionContext, ContextCallback callback, Object state, Boolean preserveSyncCtx)
   at System.Threading.QueueUserWorkItemCallback.System.Threading.IThreadPoolWorkItem.ExecuteWorkItem()
   at System.Threading.ThreadPoolWorkQueue.Dispatch()


# 6/6/2017 2:54:55 PM
   at Server.Mobile.Delta(MobileDelta flag)
   at Server.Mobiles.PlayerMobile.Delta(MobileDelta flag)
   at Server.Mobile.UpdateResistances()
   at Server.Mobiles.PlayerMobile.set_HumilityHunt(Boolean value)
   at Server.Mobiles.PlayerMobile.Serialize(GenericWriter writer)
   at Server.StandardSaveStrategy.SaveMobiles(SaveMetrics metrics)
   at Server.DualSaveStrategy.Save(SaveMetrics metrics, Boolean permitBackgroundWrite)
   at Server.World.Save(Boolean message, Boolean permitBackgroundWrite)
   at Server.Misc.ServerConsole.Next(String input)
   at Server.Misc.ServerConsole.ConsoleListen(Object stateInfo)
   at System.Threading.ExecutionContext.RunInternal(ExecutionContext executionContext, ContextCallback callback, Object state, Boolean preserveSyncCtx)
   at System.Threading.ExecutionContext.Run(ExecutionContext executionContext, ContextCallback callback, Object state, Boolean preserveSyncCtx)
   at System.Threading.QueueUserWorkItemCallback.System.Threading.IThreadPoolWorkItem.ExecuteWorkItem()
   at System.Threading.ThreadPoolWorkQueue.Dispatch()


# 6/6/2017 2:54:55 PM
   at Server.Mobile.Delta(MobileDelta flag)
   at Server.Mobiles.PlayerMobile.Delta(MobileDelta flag)
   at Server.Mobile.UpdateResistances()
   at Server.Mobiles.PlayerMobile.set_HumilityHunt(Boolean value)
   at Server.Mobiles.PlayerMobile.Serialize(GenericWriter writer)
   at Server.StandardSaveStrategy.SaveMobiles(SaveMetrics metrics)
   at Server.DualSaveStrategy.Save(SaveMetrics metrics, Boolean permitBackgroundWrite)
   at Server.World.Save(Boolean message, Boolean permitBackgroundWrite)
   at Server.Misc.ServerConsole.Next(String input)
   at Server.Misc.ServerConsole.ConsoleListen(Object stateInfo)
   at System.Threading.ExecutionContext.RunInternal(ExecutionContext executionContext, ContextCallback callback, Object state, Boolean preserveSyncCtx)
   at System.Threading.ExecutionContext.Run(ExecutionContext executionContext, ContextCallback callback, Object state, Boolean preserveSyncCtx)
   at System.Threading.QueueUserWorkItemCallback.System.Threading.IThreadPoolWorkItem.ExecuteWorkItem()
   at System.Threading.ThreadPoolWorkQueue.Dispatch()


# 6/6/2017 2:54:55 PM
   at Server.Mobile.Delta(MobileDelta flag)
   at Server.Mobiles.PlayerMobile.Delta(MobileDelta flag)
   at Server.Mobile.UpdateResistances()
   at Server.Mobiles.PlayerMobile.set_HumilityHunt(Boolean value)
   at Server.Mobiles.PlayerMobile.Serialize(GenericWriter writer)
   at Server.StandardSaveStrategy.SaveMobiles(SaveMetrics metrics)
   at Server.DualSaveStrategy.Save(SaveMetrics metrics, Boolean permitBackgroundWrite)
   at Server.World.Save(Boolean message, Boolean permitBackgroundWrite)
   at Server.Misc.ServerConsole.Next(String input)
   at Server.Misc.ServerConsole.ConsoleListen(Object stateInfo)
   at System.Threading.ExecutionContext.RunInternal(ExecutionContext executionContext, ContextCallback callback, Object state, Boolean preserveSyncCtx)
   at System.Threading.ExecutionContext.Run(ExecutionContext executionContext, ContextCallback callback, Object state, Boolean preserveSyncCtx)
   at System.Threading.QueueUserWorkItemCallback.System.Threading.IThreadPoolWorkItem.ExecuteWorkItem()
   at System.Threading.ThreadPoolWorkQueue.Dispatch()


# 6/6/2017 3:49:29 PM
   at Server.Mobile.Delta(MobileDelta flag)
   at Server.Mobiles.PlayerMobile.Delta(MobileDelta flag)
   at Server.Mobile.UpdateResistances()
   at Server.Mobiles.PlayerMobile.set_HumilityHunt(Boolean value)
   at Server.Mobiles.PlayerMobile.Serialize(GenericWriter writer)
   at Server.StandardSaveStrategy.SaveMobiles(SaveMetrics metrics)
   at Server.DualSaveStrategy.Save(SaveMetrics metrics, Boolean permitBackgroundWrite)
   at Server.World.Save(Boolean message, Boolean permitBackgroundWrite)
   at Server.Misc.ServerConsole.Next(String input)
   at Server.Misc.ServerConsole.ConsoleListen(Object stateInfo)
   at System.Threading.ExecutionContext.RunInternal(ExecutionContext executionContext, ContextCallback callback, Object state, Boolean preserveSyncCtx)
   at System.Threading.ExecutionContext.Run(ExecutionContext executionContext, ContextCallback callback, Object state, Boolean preserveSyncCtx)
   at System.Threading.QueueUserWorkItemCallback.System.Threading.IThreadPoolWorkItem.ExecuteWorkItem()
   at System.Threading.ThreadPoolWorkQueue.Dispatch()


